[17:58:58] [main/INFO] (FabricLoader/GameProvider) Loading Minecraft 1.19.2 with Fabric Loader 0.14.9
[17:58:59] [main/INFO] (FabricLoader) Loading 45 mods:
	- fabric-api 0.64.0+1.19.2
	- fabric-api-base 0.4.12+93d8cb8290
	- fabric-api-lookup-api-v1 1.6.10+93d8cb8290
	- fabric-biome-api-v1 9.0.18+c6af733c90
	- fabric-blockrenderlayer-v1 1.1.21+c6af733c90
	- fabric-client-tags-api-v1 1.0.2+b35fea8390
	- fabric-command-api-v2 2.1.8+93d8cb8290
	- fabric-content-registries-v0 3.4.0+6064db2a90
	- fabric-convention-tags-v1 1.1.2+93d8cb8290
	- fabric-crash-report-info-v1 0.2.6+aeb40ebe90
	- fabric-data-generation-api-v1 5.2.2+b598f4ac90
	- fabric-dimensions-v1 2.1.32+0dd10df690
	- fabric-entity-events-v1 1.4.19+9ff28f4090
	- fabric-events-interaction-v0 0.4.29+c6af733c90
	- fabric-game-rule-api-v1 1.0.22+c6af733c90
	- fabric-gametest-api-v1 1.1.1+704e47e990
	- fabric-item-api-v1 1.5.8+93d8cb8290
	- fabric-item-groups-v0 0.3.32+70efcffe90
	- fabric-key-binding-api-v1 1.0.22+aaaf9d3390
	- fabric-lifecycle-events-v1 2.2.0+33ffe9ec90
	- fabric-loot-api-v2 1.1.6+83a8659290
	- fabric-message-api-v1 5.0.4+93d8cb8290
	- fabric-mining-level-api-v1 2.1.17+33fbc73890
	- fabric-models-v0 0.3.18+c6af733c90
	- fabric-networking-api-v1 1.2.5+c6af733c90
	- fabric-object-builder-api-v1 4.0.14+93d8cb8290
	- fabric-particles-v1 1.0.11+79adfe0a90
	- fabric-registry-sync-v0 0.9.26+c6af733c90
	- fabric-renderer-api-v1 1.0.12+c0ae659d90
	- fabric-renderer-indigo 0.6.14+aeb40ebe90
	- fabric-rendering-data-attachment-v1 0.3.15+aeb40ebe90
	- fabric-rendering-fluids-v1 3.0.8+c6af733c90
	- fabric-rendering-v1 1.11.0+73145abb90
	- fabric-resource-conditions-api-v1 2.1.0+aae9039d90
	- fabric-resource-loader-v0 0.7.2+70efcffe90
	- fabric-screen-api-v1 1.0.27+93d8cb8290
	- fabric-screen-handler-api-v1 1.3.1+1cc24b1b90
	- fabric-sound-api-v1 1.0.0+c4f28df590
	- fabric-textures-v0 1.0.21+aeb40ebe90
	- fabric-transfer-api-v1 2.1.1+93d8cb8290
	- fabric-transitive-access-wideners-v1 1.3.1+42d99c3290
	- fabricloader 0.14.9
	- java 17
	- minecraft 1.19.2
	- stained_trees 2.1.0
[17:58:59] [main/INFO] (FabricLoader/Mixin) SpongePowered MIXIN Subsystem Version=0.8.5 Source=file:/C:/Users/lroma/.gradle/caches/modules-2/files-2.1/net.fabricmc/sponge-mixin/0.11.4+mixin.0.8.5/c1dc27696aa4006e492c2485c9ccbcb26045a971/sponge-mixin-0.11.4+mixin.0.8.5.jar Service=Knot/Fabric Env=CLIENT
[17:58:59] [main/INFO] (FabricLoader/Mixin) Loaded Fabric development mappings for mixin remapper!
[17:58:59] [main/INFO] (FabricLoader/Mixin) Compatibility level set to JAVA_16
[17:58:59] [main/INFO] (FabricLoader/Mixin) Compatibility level set to JAVA_17
[17:59:01] [main/WARN] (FileUtil) Configuration conflict: there is more than one oshi.properties file on the classpath
[17:59:02] [main/WARN] (FileUtil) Configuration conflict: there is more than one oshi.architecture.properties file on the classpath
[17:59:06] [main/INFO] (Minecraft) Building optimized datafixer
[17:59:12] [Render thread/INFO] (Minecraft) Environment: authHost='https://authserver.mojang.com', accountsHost='https://api.mojang.com', sessionHost='https://sessionserver.mojang.com', servicesHost='https://api.minecraftservices.com', name='PROD'
[17:59:13] [Render thread/ERROR] (fabric-screen-api-v1) Failed to verify authentication
com.mojang.authlib.exceptions.InvalidCredentialsException: Status: 401
	at com.mojang.authlib.exceptions.MinecraftClientHttpException.toAuthenticationException(MinecraftClientHttpException.java:56) ~[authlib-3.11.49.jar:?]
	at com.mojang.authlib.yggdrasil.YggdrasilUserApiService.fetchProperties(YggdrasilUserApiService.java:155) ~[authlib-3.11.49.jar:?]
	at com.mojang.authlib.yggdrasil.YggdrasilUserApiService.<init>(YggdrasilUserApiService.java:55) ~[authlib-3.11.49.jar:?]
	at com.mojang.authlib.yggdrasil.YggdrasilAuthenticationService.createUserApiService(YggdrasilAuthenticationService.java:161) ~[authlib-3.11.49.jar:?]
	at net.minecraft.client.MinecraftClient.createUserApiService(MinecraftClient.java:711) [minecraft-project-@-merged-named.jar:?]
	at net.minecraft.client.MinecraftClient.<init>(MinecraftClient.java:431) [minecraft-project-@-merged-named.jar:?]
	at net.minecraft.client.main.Main.main(Main.java:205) [minecraft-project-@-merged-named.jar:?]
	at net.minecraft.client.main.Main.main(Main.java:51) [minecraft-project-@-merged-named.jar:?]
	at net.fabricmc.loader.impl.game.minecraft.MinecraftGameProvider.launch(MinecraftGameProvider.java:461) [fabric-loader-0.14.9.jar:?]
	at net.fabricmc.loader.impl.launch.knot.Knot.launch(Knot.java:74) [fabric-loader-0.14.9.jar:?]
	at net.fabricmc.loader.impl.launch.knot.KnotClient.main(KnotClient.java:23) [fabric-loader-0.14.9.jar:?]
	at net.fabricmc.devlaunchinjector.Main.main(Main.java:86) [dev-launch-injector-0.2.1+build.8.jar:?]
Caused by: com.mojang.authlib.exceptions.MinecraftClientHttpException: Status: 401
	at com.mojang.authlib.minecraft.client.MinecraftClient.readInputStream(MinecraftClient.java:85) ~[authlib-3.11.49.jar:?]
	at com.mojang.authlib.minecraft.client.MinecraftClient.get(MinecraftClient.java:48) ~[authlib-3.11.49.jar:?]
	at com.mojang.authlib.yggdrasil.YggdrasilUserApiService.fetchProperties(YggdrasilUserApiService.java:129) ~[authlib-3.11.49.jar:?]
	... 10 more
[17:59:13] [Render thread/INFO] (fabric-screen-api-v1) Setting user: Player391
[17:59:14] [Render thread/INFO] (Indigo) [Indigo] Registering Indigo renderer!
[17:59:15] [Render thread/INFO] (fabric-screen-api-v1) Backend library: LWJGL version 3.3.1 SNAPSHOT
[17:59:18] [Worker-Main-12/ERROR] (Minecraft) Failed to retrieve profile key pair
java.io.IOException: Could not retrieve profile key pair
	at net.minecraft.client.util.ProfileKeys.fetchKeyPair(ProfileKeys.java:130) ~[minecraft-project-@-merged-named.jar:?]
	at net.minecraft.client.util.ProfileKeys.method_44291(ProfileKeys.java:69) ~[minecraft-project-@-merged-named.jar:?]
	at java.util.concurrent.CompletableFuture$AsyncSupply.run(CompletableFuture.java:1768) [?:?]
	at java.util.concurrent.CompletableFuture$AsyncSupply.exec(CompletableFuture.java:1760) [?:?]
	at java.util.concurrent.ForkJoinTask.doExec(ForkJoinTask.java:373) [?:?]
	at java.util.concurrent.ForkJoinPool$WorkQueue.topLevelExec(ForkJoinPool.java:1182) [?:?]
	at java.util.concurrent.ForkJoinPool.scan(ForkJoinPool.java:1655) [?:?]
	at java.util.concurrent.ForkJoinPool.runWorker(ForkJoinPool.java:1622) [?:?]
	at java.util.concurrent.ForkJoinWorkerThread.run(ForkJoinWorkerThread.java:165) [?:?]
[17:59:18] [Render thread/INFO] (Minecraft) Narrator library for x64 successfully loaded
[17:59:18] [Render thread/INFO] (Minecraft) Reloading ResourceManager: Default, Fabric Mods (Fabric Dimensions API (v1), Fabric Game Test API (v1), Fabric Screen Handler API (v1), Fabric Transitive Access Wideners (v1), Fabric Rendering Data Attachment (v1), Fabric Data Generation API (v1), Fabric Game Rule API (v1), Fabric Entity Events (v1), Fabric Crash Report Info (v1), Fabric Models (v0), Fabric Resource Loader (v0), Fabric Sound API (v1), Fabric Client Tags, Fabric BlockRenderLayer Registration (v1), Fabric Events Interaction (v0), Fabric Rendering (v1), Fabric Registry Sync (v0), Fabric API Base, Fabric Particles (v1), Stained Trees, Fabric Biome API (v1), Fabric Key Binding API (v1), Fabric Loot API (v2), Fabric Mining Level API (v1), Fabric Object Builder API (v1), Fabric Lifecycle Events (v1), Fabric Rendering Fluids (v1), Fabric Command API (v2), Fabric API, Fabric Loader, Fabric Item API (v1), Fabric Renderer API (v1), Fabric Content Registries (v0), Fabric Message API (v1), Fabric Screen API (v1), Fabric Item Groups (v0), Fabric Renderer - Indigo, Fabric Convention Tags, Fabric Transfer API (v1), Fabric Networking API (v1), Fabric API Lookup API (v1), Fabric Textures (v0), Fabric Resource Conditions API (v1))
[17:59:20] [Realms Notification Availability checker #1/INFO] (Minecraft) Could not authorize you against Realms server: Invalid session id
[17:59:22] [Render thread/WARN] (Minecraft) Missing sound for event: minecraft:item.goat_horn.play
[17:59:22] [Render thread/WARN] (Minecraft) Missing sound for event: minecraft:entity.goat.screaming.horn_break
[17:59:22] [Render thread/INFO] (Minecraft) OpenAL initialized on device OpenAL Soft on Bed Speakers (NVIDIA High Definition Audio)
[17:59:22] [Render thread/INFO] (Minecraft) Sound engine started
[17:59:22] [Render thread/INFO] (Minecraft) Created: 1024x1024x4 minecraft:textures/atlas/blocks.png-atlas
[17:59:22] [Render thread/INFO] (Minecraft) Created: 256x128x4 minecraft:textures/atlas/signs.png-atlas
[17:59:22] [Render thread/INFO] (Minecraft) Created: 1024x512x4 minecraft:textures/atlas/banner_patterns.png-atlas
[17:59:22] [Render thread/INFO] (Minecraft) Created: 1024x512x4 minecraft:textures/atlas/shield_patterns.png-atlas
[17:59:22] [Render thread/INFO] (Minecraft) Created: 256x256x4 minecraft:textures/atlas/chest.png-atlas
[17:59:22] [Render thread/INFO] (Minecraft) Created: 512x256x4 minecraft:textures/atlas/beds.png-atlas
[17:59:22] [Render thread/INFO] (Minecraft) Created: 512x256x4 minecraft:textures/atlas/shulker_boxes.png-atlas
[17:59:24] [Render thread/WARN] (Minecraft) Shader rendertype_entity_translucent_emissive could not find sampler named Sampler2 in the specified shader program.
[17:59:24] [Render thread/INFO] (Minecraft) Created: 512x256x0 minecraft:textures/atlas/particles.png-atlas
[17:59:24] [Render thread/INFO] (Minecraft) Created: 256x256x0 minecraft:textures/atlas/paintings.png-atlas
[17:59:24] [Render thread/INFO] (Minecraft) Created: 256x128x0 minecraft:textures/atlas/mob_effects.png-atlas
[17:59:34] [Render thread/INFO] (Minecraft) Loaded 7 recipes
[17:59:35] [Render thread/INFO] (Minecraft) Loaded 1179 advancements
[17:59:40] [Render thread/INFO] (Minecraft) Loaded 7 recipes
[17:59:40] [Render thread/INFO] (Minecraft) Loaded 1179 advancements
[17:59:41] [Worker-Main-21/ERROR] (Minecraft) Failed to retrieve profile key pair
java.io.IOException: Could not retrieve profile key pair
	at net.minecraft.client.util.ProfileKeys.fetchKeyPair(ProfileKeys.java:130) ~[minecraft-project-@-merged-named.jar:?]
	at net.minecraft.client.util.ProfileKeys.method_44291(ProfileKeys.java:69) ~[minecraft-project-@-merged-named.jar:?]
	at java.util.concurrent.CompletableFuture$AsyncSupply.run(CompletableFuture.java:1768) [?:?]
	at java.util.concurrent.CompletableFuture$AsyncSupply.exec(CompletableFuture.java:1760) [?:?]
	at java.util.concurrent.ForkJoinTask.doExec(ForkJoinTask.java:373) [?:?]
	at java.util.concurrent.ForkJoinPool$WorkQueue.topLevelExec(ForkJoinPool.java:1182) [?:?]
	at java.util.concurrent.ForkJoinPool.scan(ForkJoinPool.java:1655) [?:?]
	at java.util.concurrent.ForkJoinPool.runWorker(ForkJoinPool.java:1622) [?:?]
	at java.util.concurrent.ForkJoinWorkerThread.run(ForkJoinWorkerThread.java:165) [?:?]
[17:59:41] [Render thread/INFO] (BiomeModificationImpl) Applied 15 biome modifications to 1 of 63 new biomes in 37.34 ms
[17:59:41] [Server thread/INFO] (Minecraft) Starting integrated minecraft server version 1.19.2
[17:59:41] [Server thread/INFO] (Minecraft) Generating keypair
[17:59:44] [Worker-Bootstrap-8/INFO] (Minecraft) 4283 Datafixer optimizations took 37869 milliseconds
[17:59:57] [Server thread/INFO] (Minecraft) Preparing start region for dimension minecraft:overworld
[17:59:58] [Render thread/INFO] (Minecraft) Preparing spawn area: 0%
[17:59:58] [Render thread/INFO] (Minecraft) Preparing spawn area: 0%
[17:59:58] [Render thread/INFO] (Minecraft) Preparing spawn area: 0%
[17:59:59] [Render thread/INFO] (Minecraft) Preparing spawn area: 0%
[17:59:59] [Render thread/INFO] (Minecraft) Preparing spawn area: 1%
[18:00:00] [Render thread/INFO] (Minecraft) Preparing spawn area: 2%
[18:00:00] [Render thread/INFO] (Minecraft) Preparing spawn area: 3%
[18:00:01] [Render thread/INFO] (Minecraft) Preparing spawn area: 4%
[18:00:01] [Render thread/INFO] (Minecraft) Preparing spawn area: 5%
[18:00:02] [Render thread/INFO] (Minecraft) Preparing spawn area: 6%
[18:00:02] [Render thread/INFO] (Minecraft) Preparing spawn area: 9%
[18:00:03] [Render thread/INFO] (Minecraft) Preparing spawn area: 10%
[18:00:03] [Render thread/INFO] (Minecraft) Preparing spawn area: 13%
[18:00:04] [Render thread/INFO] (Minecraft) Preparing spawn area: 15%
[18:00:04] [Render thread/INFO] (Minecraft) Preparing spawn area: 17%
[18:00:05] [Render thread/INFO] (Minecraft) Preparing spawn area: 20%
[18:00:05] [Render thread/INFO] (Minecraft) Preparing spawn area: 22%
[18:00:06] [Render thread/INFO] (Minecraft) Preparing spawn area: 25%
[18:00:06] [Render thread/INFO] (Minecraft) Preparing spawn area: 27%
[18:00:07] [Render thread/INFO] (Minecraft) Preparing spawn area: 31%
[18:00:07] [Render thread/INFO] (Minecraft) Preparing spawn area: 32%
[18:00:08] [Render thread/INFO] (Minecraft) Preparing spawn area: 35%
[18:00:08] [Render thread/INFO] (Minecraft) Preparing spawn area: 37%
[18:00:09] [Render thread/INFO] (Minecraft) Preparing spawn area: 41%
[18:00:09] [Render thread/INFO] (Minecraft) Preparing spawn area: 43%
[18:00:10] [Render thread/INFO] (Minecraft) Preparing spawn area: 45%
[18:00:10] [Render thread/INFO] (Minecraft) Preparing spawn area: 48%
[18:00:11] [Render thread/INFO] (Minecraft) Preparing spawn area: 52%
[18:00:11] [Render thread/INFO] (Minecraft) Preparing spawn area: 55%
[18:00:12] [Render thread/INFO] (Minecraft) Preparing spawn area: 56%
[18:00:12] [Render thread/INFO] (Minecraft) Preparing spawn area: 59%
[18:00:13] [Render thread/INFO] (Minecraft) Preparing spawn area: 63%
[18:00:13] [Render thread/INFO] (Minecraft) Preparing spawn area: 67%
[18:00:14] [Render thread/INFO] (Minecraft) Preparing spawn area: 68%
[18:00:14] [Render thread/INFO] (Minecraft) Preparing spawn area: 70%
[18:00:15] [Render thread/INFO] (Minecraft) Preparing spawn area: 73%
[18:00:15] [Render thread/INFO] (Minecraft) Preparing spawn area: 77%
[18:00:16] [Render thread/INFO] (Minecraft) Preparing spawn area: 81%
[18:00:16] [Render thread/INFO] (Minecraft) Preparing spawn area: 83%
[18:00:17] [Render thread/INFO] (Minecraft) Preparing spawn area: 86%
[18:00:17] [Render thread/INFO] (Minecraft) Preparing spawn area: 88%
[18:00:18] [Render thread/INFO] (Minecraft) Preparing spawn area: 92%
[18:00:18] [Render thread/INFO] (Minecraft) Preparing spawn area: 95%
[18:00:19] [Render thread/INFO] (Minecraft) Preparing spawn area: 99%
[18:00:19] [Render thread/INFO] (Minecraft) Time elapsed: 21603 ms
[18:00:19] [Server thread/INFO] (Minecraft) Changing view distance to 12, from 10
[18:00:19] [Server thread/INFO] (Minecraft) Changing simulation distance to 12, from 0
[18:00:20] [Server thread/INFO] (Minecraft) Player391[local:E:82a75ff2] logged in with entity id 235 at (23.5, 101.0, 0.5)
[18:00:20] [Server thread/INFO] (Minecraft) Player391 joined the game
[18:00:21] [Render thread/INFO] (Minecraft) Loaded 0 advancements
[18:00:34] [Server thread/INFO] (Minecraft) Saving and pausing game...
[18:00:34] [Server thread/INFO] (Minecraft) Saving chunks for level 'ServerLevel[New World]'/minecraft:overworld
[18:00:34] [Server thread/INFO] (Minecraft) Saving chunks for level 'ServerLevel[New World]'/minecraft:the_nether
[18:00:34] [Server thread/INFO] (Minecraft) Saving chunks for level 'ServerLevel[New World]'/minecraft:the_end
[18:00:39] [Server thread/INFO] (Minecraft) Saving and pausing game...
[18:00:39] [Server thread/INFO] (Minecraft) Saving chunks for level 'ServerLevel[New World]'/minecraft:overworld
[18:00:39] [Server thread/INFO] (Minecraft) Saving chunks for level 'ServerLevel[New World]'/minecraft:the_nether
[18:00:39] [Server thread/INFO] (Minecraft) Saving chunks for level 'ServerLevel[New World]'/minecraft:the_end
[18:00:50] [Render thread/INFO] (Minecraft) [System] [CHAT] The nearest minecraft:plains is at [152, 111, 106] (181 blocks away)
[18:00:51] [Server thread/INFO] (Minecraft) [Player391: Teleported Player391 to 152.500000, 111.000000, 106.500000]
[18:00:51] [Render thread/INFO] (Minecraft) [System] [CHAT] Teleported Player391 to 152.500000, 111.000000, 106.500000
[18:01:18] [Server thread/INFO] (Minecraft) Saving and pausing game...
[18:01:18] [Server thread/INFO] (Minecraft) Saving chunks for level 'ServerLevel[New World]'/minecraft:overworld
[18:01:18] [Server thread/INFO] (Minecraft) Saving chunks for level 'ServerLevel[New World]'/minecraft:the_nether
[18:01:18] [Server thread/INFO] (Minecraft) Saving chunks for level 'ServerLevel[New World]'/minecraft:the_end
[18:01:24] [Server thread/INFO] (Minecraft) Changing view distance to 20, from 12
[18:01:41] [Server thread/INFO] (Minecraft) Saving and pausing game...
[18:01:41] [Server thread/INFO] (Minecraft) Saving chunks for level 'ServerLevel[New World]'/minecraft:overworld
[18:01:41] [Server thread/INFO] (Minecraft) Saving chunks for level 'ServerLevel[New World]'/minecraft:the_nether
[18:01:41] [Server thread/INFO] (Minecraft) Saving chunks for level 'ServerLevel[New World]'/minecraft:the_end
[18:01:44] [Server thread/INFO] (Minecraft) Player391 lost connection: Disconnected
[18:01:44] [Server thread/INFO] (Minecraft) Player391 left the game
[18:01:44] [Server thread/INFO] (Minecraft) Stopping singleplayer server as player logged out
[18:01:44] [Server thread/INFO] (Minecraft) Stopping server
[18:01:44] [Server thread/INFO] (Minecraft) Saving players
[18:01:44] [Server thread/INFO] (Minecraft) Saving worlds
